0 info it worked if it ends with ok
1 verbose cli [ '/opt/homebrew-cask/Caskroom/atom/latest/Atom.app/Contents/Resources/app/apm/bin/node',
1 verbose cli   '/opt/homebrew-cask/Caskroom/atom/latest/Atom.app/Contents/Resources/app/apm/node_modules/npm/bin/npm-cli.js',
1 verbose cli   '--globalconfig',
1 verbose cli   '/Users/aj.webb/.atom/.apm/.apmrc',
1 verbose cli   '--userconfig',
1 verbose cli   '/Users/aj.webb/.atom/.apmrc',
1 verbose cli   'install',
1 verbose cli   '--target=0.21.0',
1 verbose cli   '--arch=x64' ]
2 info using npm@2.5.1
3 info using node@v0.10.35
4 error install Couldn't read dependencies
5 verbose stack Error: ENOENT, open '/Users/aj.webb/.atom/package.json'
6 verbose cwd /Users/aj.webb/.atom
7 error Darwin 14.1.0
8 error argv "/opt/homebrew-cask/Caskroom/atom/latest/Atom.app/Contents/Resources/app/apm/bin/node" "/opt/homebrew-cask/Caskroom/atom/latest/Atom.app/Contents/Resources/app/apm/node_modules/npm/bin/npm-cli.js" "--globalconfig" "/Users/aj.webb/.atom/.apm/.apmrc" "--userconfig" "/Users/aj.webb/.atom/.apmrc" "install" "--target=0.21.0" "--arch=x64"
9 error node v0.10.35
10 error npm  v2.5.1
11 error path /Users/aj.webb/.atom/package.json
12 error code ENOPACKAGEJSON
13 error errno 34
14 error package.json ENOENT, open '/Users/aj.webb/.atom/package.json'
14 error package.json This is most likely not a problem with npm itself.
14 error package.json npm can't find a package.json file in your current directory.
15 verbose exit [ 34, true ]
